<?xml version="1.0" encoding="UTF-8"?>
<!-- Generated by org.testng.reporters.JUnitXMLReporter -->
<testsuite ignored="1" hostname="DESKTOP-NSV2G8J" failures="1" tests="4" name="Test" time="78.385" errors="0" timestamp="2023-01-09T13:43:16 IST">
  <testcase classname="restassured.myOwnProject1.FooterTest" name="FooterLink" time="18.55">
    <skipped/>
  </testcase> <!-- FooterLink -->
  <testcase classname="restassured.myOwnProject1.FooterTest" name="FooterLink" time="1.549">
    <skipped/>
  </testcase> <!-- FooterLink -->
  <testcase classname="restassured.myOwnProject1.FooterTest" name="FooterLink" time="1.022">
    <skipped/>
  </testcase> <!-- FooterLink -->
  <testcase classname="restassured.myOwnProject1.FooterTest" name="FooterLink" time="3.323">
    <failure type="java.lang.AssertionError" message="expected [true] but found [false]">
      <![CDATA[java.lang.AssertionError: expected [true] but found [false]
at restassured.myOwnProject1.FooterTest.FooterLink(FooterTest.java:47)
at java.base/java.util.ArrayList.forEach(ArrayList.java:1511)
... Removed 29 stack frames]]>
    </failure>
  </testcase> <!-- FooterLink -->
  <testcase classname="restassured.myOwnProject1.FooterTest" name="addCart" time="0.0">
    <ignored/>
  </testcase> <!-- addCart -->
</testsuite> <!-- Test -->
